Content-Type: text/plain; charset="utf-8"
MIME-Version: 1.0
Content-Transfer-Encoding: 8bit
Subject: Password reset on 127.0.0.1:8000
From: webmaster@localhost
To: floxy@gmail.com
Date: Sun, 26 Jun 2022 23:25:22 -0000
Message-ID: <165628592235.13008.6585925795826576018@DESKTOP-4I0V1JC>


You're receiving this email because you requested a password reset for your user account at 127.0.0.1:8000.

Please go to the following page and choose a new password:

http://127.0.0.1:8000/confirm_reset/Mg/b7niia-e775cec96a1def3c9e5d901ec3a5d5ec

Your username, in case you’ve forgotten: Floxy

Thanks for using our site!

The 127.0.0.1:8000 team



-------------------------------------------------------------------------------
Content-Type: text/plain; charset="utf-8"
MIME-Version: 1.0
Content-Transfer-Encoding: 8bit
Subject: Password reset on 127.0.0.1:8000
From: webmaster@localhost
To: floxy@gmail.com
Date: Sun, 26 Jun 2022 23:25:22 -0000
Message-ID: <165628592236.13008.13322474257356820007@DESKTOP-4I0V1JC>


You're receiving this email because you requested a password reset for your user account at 127.0.0.1:8000.

Please go to the following page and choose a new password:

http://127.0.0.1:8000/confirm_reset/OA/b7niia-4c889eecb46b5e9bb5e715580491a1fe

Your username, in case you’ve forgotten: Khalid4

Thanks for using our site!

The 127.0.0.1:8000 team



-------------------------------------------------------------------------------
Content-Type: text/plain; charset="utf-8"
MIME-Version: 1.0
Content-Transfer-Encoding: 8bit
Subject: Password reset on 127.0.0.1:8000
From: webmaster@localhost
To: floxy@gmail.com
Date: Sun, 26 Jun 2022 23:25:22 -0000
Message-ID: <165628592243.13008.13767752888358784753@DESKTOP-4I0V1JC>


You're receiving this email because you requested a password reset for your user account at 127.0.0.1:8000.

Please go to the following page and choose a new password:

http://127.0.0.1:8000/confirm_reset/MjM/b7niia-9b4056f92d638edbfda48f1b617ee37e

Your username, in case you’ve forgotten: Floxy98

Thanks for using our site!

The 127.0.0.1:8000 team



-------------------------------------------------------------------------------
