Content-Type: text/plain; charset="utf-8"
MIME-Version: 1.0
Content-Transfer-Encoding: 7bit
Subject:     Testsite password reset
From: webmaster@localhost
To: floxy@gmail.com
Date: Fri, 01 Jul 2022 15:12:39 -0000
Message-ID: <165668835935.11240.6146011945265292461@DESKTOP-4I0V1JC>



To start the password reset process for your Winnie69 Testsite, Click the link below:

http://127.0.0.1:8000/confirm_reset/MTM/b7w513-fd23509a34825d10d952c7ed67a07f5a



-------------------------------------------------------------------------------
Content-Type: text/plain; charset="utf-8"
MIME-Version: 1.0
Content-Transfer-Encoding: 7bit
Subject:     Testsite password reset
From: webmaster@localhost
To: floxy@gmail.com
Date: Fri, 01 Jul 2022 15:12:39 -0000
Message-ID: <165668835980.11240.10353205693418165643@DESKTOP-4I0V1JC>



To start the password reset process for your Floxy98 Testsite, Click the link below:

http://127.0.0.1:8000/confirm_reset/MjM/b7w513-5a56ac2d121256beb8c64846b29b6761



-------------------------------------------------------------------------------
