Content-Type: text/plain; charset="utf-8"
MIME-Version: 1.0
Content-Transfer-Encoding: 7bit
Subject: Password reset on 127.0.0.1:8000
From: webmaster@localhost
To: floxy@gmail.com
Date: Sun, 26 Jun 2022 23:21:56 -0000
Message-ID: <165628571643.9920.998736149711953149@DESKTOP-4I0V1JC>



To start the password reset process for your Floxy Testsite, Click the link below:

http://127.0.0.1:8000/confirm_reset/Mg/b7nick-f8f71fd68976326adaf1721095b6650d



-------------------------------------------------------------------------------
Content-Type: text/plain; charset="utf-8"
MIME-Version: 1.0
Content-Transfer-Encoding: 7bit
Subject: Password reset on 127.0.0.1:8000
From: webmaster@localhost
To: floxy@gmail.com
Date: Sun, 26 Jun 2022 23:21:56 -0000
Message-ID: <165628571648.9920.15947699023689158947@DESKTOP-4I0V1JC>



To start the password reset process for your uyyyy1 Testsite, Click the link below:

http://127.0.0.1:8000/confirm_reset/MjE/b7nick-c4ea5309095b8c907cf8c25967d60b26



-------------------------------------------------------------------------------
