Content-Type: text/plain; charset="utf-8"
MIME-Version: 1.0
Content-Transfer-Encoding: 7bit
Subject:     Testsite password reset
From: webmaster@localhost
To: floxy@gmail.com
Date: Fri, 01 Jul 2022 15:12:39 -0000
Message-ID: <165668835934.11240.3117048825852291520@DESKTOP-4I0V1JC>



To start the password reset process for your Khalid4 Testsite, Click the link below:

http://127.0.0.1:8000/confirm_reset/OA/b7w513-57ddaa13fbaea1677ada1367b7de695e



-------------------------------------------------------------------------------
Content-Type: text/plain; charset="utf-8"
MIME-Version: 1.0
Content-Transfer-Encoding: 7bit
Subject:     Testsite password reset
From: webmaster@localhost
To: floxy@gmail.com
Date: Fri, 01 Jul 2022 15:12:39 -0000
Message-ID: <165668835937.11240.14622401136466111875@DESKTOP-4I0V1JC>



To start the password reset process for your uyyyy1 Testsite, Click the link below:

http://127.0.0.1:8000/confirm_reset/MjE/b7w513-5b983a899034b5892b99245c5bee329a



-------------------------------------------------------------------------------
