Content-Type: text/plain; charset="utf-8"
MIME-Version: 1.0
Content-Transfer-Encoding: 7bit
Subject:     Testsite password reset
From: webmaster@localhost
To: floxy@gmail.com
Date: Sun, 26 Jun 2022 23:32:19 -0000
Message-ID: <165628633989.13116.610754248854710606@DESKTOP-4I0V1JC>



To start the password reset process for your Winnie69 Testsite, Click the link below:

http://127.0.0.1:8000/confirm_reset/MTM/b7nitv-738791dc8533f1195d9a7160aab4f591



-------------------------------------------------------------------------------
Content-Type: text/plain; charset="utf-8"
MIME-Version: 1.0
Content-Transfer-Encoding: 7bit
Subject:     Testsite password reset
From: webmaster@localhost
To: floxy@gmail.com
Date: Sun, 26 Jun 2022 23:32:19 -0000
Message-ID: <165628633993.13116.3839383698111580993@DESKTOP-4I0V1JC>



To start the password reset process for your Floxy98 Testsite, Click the link below:

http://127.0.0.1:8000/confirm_reset/MjM/b7nitv-5fa16c60ff59368bad5013ce101a2d77



-------------------------------------------------------------------------------
