Content-Type: text/plain; charset="utf-8"
MIME-Version: 1.0
Content-Transfer-Encoding: 7bit
Subject: Our Latest Post: 2022 Agbami Scholarships.
From: admin@gmail.com
To: admin@gmail.com, floxy@gmail.com, ladi@gmail.com, ladi@gmail.com,
 ladi@gmail.com, floxy@gmail.com, boaz@gmail.com, gospelferdinand@gmail.com,
 floxy@gmail.com, floxy@gmail.com, floxy@gmail.com, floxy@gmail.com,
 floxy@gmail.com, floxy@gmail.com, floxy@gmail.com, floxy@gmail.com,
 ferdinandchinaza@gmail.com, floxy@gmail.com, floxy@gmail.com,
 ferdinandchinaza@gmail.com, floxy@gmail.com, john@gmail.com,
 ferdinandchinaza@gmail.com, amen@gmail.com, ferdinandchinaza@gmail.com,
 ferdinandchinaza@gmail.com, mana@gmail.com
Date: Tue, 05 Jul 2022 18:12:48 -0000
Message-ID: <165704476815.8876.10834708823165115786@DESKTOP-4I0V1JC>


Hi reader, 

Here is our newest post on your favourite website: 2022 Agbami Scholarships  by Admin Developer

The 2022 Agbami scholarship, is ongoing and all interested applicants should head over to the site t 

For more, visit our latest posts on http://127.0.0.1:8000/login/


-------------------------------------------------------------------------------
